<?xml version="1.0" encoding="UTF-8"?>
<testng-results ignored="0" total="1" passed="0" failed="1" skipped="0">
  <reporter-output>
  </reporter-output>
  <suite started-at="2021-01-29T16:17:42Z" name="Default suite" finished-at="2021-01-29T16:18:00Z" duration-ms="17760">
    <groups>
    </groups>
    <test started-at="2021-01-29T16:17:42Z" name="Default test" finished-at="2021-01-29T16:18:00Z" duration-ms="17760">
      <class name="com.shoppingapp.testscripts.Addingtocart">
        <test-method is-config="true" signature="openApp()[pri:0, instance:com.shoppingapp.testscripts.Addingtocart@10d68fcd]" started-at="2021-01-29T16:17:42Z" name="openApp" finished-at="2021-01-29T16:17:58Z" duration-ms="15540" status="PASS">
          <reporter-output>
          </reporter-output>
        </test-method> <!-- openApp -->
        <test-method signature="addtocart()[pri:0, instance:com.shoppingapp.testscripts.Addingtocart@10d68fcd]" started-at="2021-01-29T16:17:58Z" name="addtocart" finished-at="2021-01-29T16:17:58Z" duration-ms="12" status="FAIL">
          <exception class="java.lang.Error">
            <message>
              <![CDATA[Unresolved compilation problem: 
Logi cannot be resolved to a type
]]>
            </message>
            <full-stacktrace>
              <![CDATA[java.lang.Error: Unresolved compilation problem: 
Logi cannot be resolved to a type

at com.shoppingapp.testscripts.Addingtocart.addtocart(Addingtocart.java:19)
at java.base/jdk.internal.reflect.NativeMethodAccessorImpl.invoke0(Native Method)
at java.base/jdk.internal.reflect.NativeMethodAccessorImpl.invoke(NativeMethodAccessorImpl.java:62)
at java.base/jdk.internal.reflect.DelegatingMethodAccessorImpl.invoke(DelegatingMethodAccessorImpl.java:43)
at java.base/java.lang.reflect.Method.invoke(Method.java:564)
at org.testng.internal.MethodInvocationHelper.invokeMethod(MethodInvocationHelper.java:124)
at org.testng.internal.Invoker.invokeMethod(Invoker.java:583)
at org.testng.internal.Invoker.invokeTestMethod(Invoker.java:719)
at org.testng.internal.Invoker.invokeTestMethods(Invoker.java:989)
at org.testng.internal.TestMethodWorker.invokeTestMethods(TestMethodWorker.java:125)
at org.testng.internal.TestMethodWorker.run(TestMethodWorker.java:109)
at org.testng.TestRunner.privateRun(TestRunner.java:648)
at org.testng.TestRunner.run(TestRunner.java:505)
at org.testng.SuiteRunner.runTest(SuiteRunner.java:455)
at org.testng.SuiteRunner.runSequentially(SuiteRunner.java:450)
at org.testng.SuiteRunner.privateRun(SuiteRunner.java:415)
at org.testng.SuiteRunner.run(SuiteRunner.java:364)
at org.testng.SuiteRunnerWorker.runSuite(SuiteRunnerWorker.java:52)
at org.testng.SuiteRunnerWorker.run(SuiteRunnerWorker.java:84)
at org.testng.TestNG.runSuitesSequentially(TestNG.java:1208)
at org.testng.TestNG.runSuitesLocally(TestNG.java:1137)
at org.testng.TestNG.runSuites(TestNG.java:1049)
at org.testng.TestNG.run(TestNG.java:1017)
at org.testng.remote.AbstractRemoteTestNG.run(AbstractRemoteTestNG.java:115)
at org.testng.remote.RemoteTestNG.initAndRun(RemoteTestNG.java:251)
at org.testng.remote.RemoteTestNG.main(RemoteTestNG.java:77)
]]>
            </full-stacktrace>
          </exception> <!-- java.lang.Error -->
          <reporter-output>
          </reporter-output>
        </test-method> <!-- addtocart -->
        <test-method is-config="true" signature="closeApp(org.testng.ITestResult)[pri:0, instance:com.shoppingapp.testscripts.Addingtocart@10d68fcd]" started-at="2021-01-29T16:17:58Z" name="closeApp" finished-at="2021-01-29T16:18:00Z" duration-ms="2095" status="PASS">
          <params>
            <param index="0">
              <value>
                <![CDATA[[TestResult name=addtocart status=FAILURE method=Addingtocart.addtocart()[pri:0, instance:com.shoppingapp.testscripts.Addingtocart@10d68fcd] output={null}]]]>
              </value>
            </param>
          </params>
          <reporter-output>
          </reporter-output>
        </test-method> <!-- closeApp -->
      </class> <!-- com.shoppingapp.testscripts.Addingtocart -->
    </test> <!-- Default test -->
  </suite> <!-- Default suite -->
</testng-results>
